make --dry-run --always-make --keep-going --print-directory
make: Entering directory '/run/media/gideon/storage/user-dirs/src/dotfiles'
echo "$(tput bold)Available rules:$(tput sgr0)"
echo
sed -n -e "/^## / { \
	h; \
	s/.*//; \
	:doc" \
	-e "H; \
	n; \
	s/^## //; \
	t doc" \
	-e "s/:.*//; \
	G; \
	s/\\n## /---/; \
	s/\\n/ /g; \
	p; \
}" Makefile \
| LC_ALL='C' sort --ignore-case \
| awk -F '---' \
	-v ncol=$(tput cols) \
	-v indent=19 \
	-v col_on="$(tput setaf 6)" \
	-v col_off="$(tput sgr0)" \
'{ \
	printf "%s%*s%s ", col_on, -indent, $1, col_off; \
	n = split($2, words, " "); \
	line_length = ncol - indent; \
	for (i = 1; i <= n; i++) { \
		line_length -= length(words[i]) + 1; \
		if (line_length <= 0) { \
			line_length = ncol - indent - length(words[i]) - 1; \
			printf "\n%*s ", -indent, " "; \
		} \
		printf "%s ", words[i]; \
	} \
	printf "\n"; \
}' \
| more 
make: Leaving directory '/run/media/gideon/storage/user-dirs/src/dotfiles'
 
